<component name="libraryTable">
  <library name="junit-platform-commons-1.7.2">
    <CLASSES>
      <root url="jar://$PROJECT_DIR$/../junit-platform-commons-1.7.2.jar!/" />
    </CLASSES>
    <JAVADOC />
    <SOURCES />
  </library>
</component>