<component name="libraryTable">
  <library name="junit-jupiter-params-5.7.2-all">
    <CLASSES>
      <root url="jar://$PROJECT_DIR$/../junit-jupiter-params-5.7.2-all.jar!/" />
    </CLASSES>
    <JAVADOC />
    <SOURCES />
  </library>
</component>